<?xml version="1.0" encoding="UTF-8"?>
<!-- Generated by org.testng.reporters.JUnitReportReporter -->
<testsuite hostname="bandils" failures="0" tests="2" name="com.test.NewTest" time="11.902" errors="0" timestamp="2022-10-03T11:17:59 IST" skipped="0">
  <testcase classname="com.test.NewTest" name="googleTest" time="8.926"/>
  <system-out/>
  <testcase classname="com.test.NewTest" name="facebookTest" time="2.976"/>
  <system-out/>
</testsuite> <!-- com.test.NewTest -->
